{
  "stats": {
    "suites": 1,
    "tests": 1,
    "passes": 1,
    "pending": 0,
    "failures": 0,
    "start": "2025-02-24T13:18:47.559Z",
    "end": "2025-02-24T13:19:18.310Z",
    "duration": 30751,
    "testsRegistered": 1,
    "passPercent": 100,
    "pendingPercent": 0,
    "other": 0,
    "hasOther": false,
    "skipped": 0,
    "hasSkipped": false
  },
  "results": [
    {
      "uuid": "170b5208-2c0e-40fa-a64a-1082ec39d09f",
      "title": "",
      "fullFile": "cypress\\e2e\\fileDownload.cy.js",
      "file": "cypress\\e2e\\fileDownload.cy.js",
      "beforeHooks": [],
      "afterHooks": [],
      "tests": [],
      "suites": [
        {
          "uuid": "9485720a-c94d-47c5-bc8c-d99265b33e45",
          "title": "File Download Tests",
          "fullFile": "",
          "file": "",
          "beforeHooks": [],
          "afterHooks": [],
          "tests": [
            {
              "title": "should generate and download both .txt and .pdf files",
              "fullTitle": "File Download Tests should generate and download both .txt and .pdf files",
              "timedOut": null,
              "duration": 25918,
              "state": "passed",
              "speed": "slow",
              "pass": true,
              "fail": false,
              "pending": false,
              "context": null,
              "code": "// Visit the page\ncy.visit('https://testautomationpractice.blogspot.com/');\n// Navigate to the download page\ncy.get('a[href=\"https://testautomationpractice.blogspot.com/p/download-files_25.html\"]').click();\n// Ensure the new page URL is correct\ncy.url().should('include', 'download-files_25.html');\n// Click the \"Generate Text File\" button\ncy.get('#generateTxt').should('exist').click(); // Click to generate the text file\n// Wait for the \"Download Text File\" link to appear\ncy.get('a#txtDownloadLink', {\n  timeout: 10000\n}).should('exist').click(); // Click the \"Download Text File\" link\n// Wait for the download to complete\ncy.wait(10000); // Wait to ensure the file is downloaded\n// Verify that the .txt file has been downloaded\nconst txtFilePath = 'cypress/downloads/info.txt';\ncy.readFile(txtFilePath).should('exist'); // Ensure the .txt file exists in the downloads folder\n// Click the \"Generate PDF File\" button\ncy.get('#generatePdf').should('exist').click(); // Click to generate the PDF file\n// Wait for the \"Download PDF File\" link to appear\ncy.get('a#pdfDownloadLink', {\n  timeout: 10000\n}).should('exist').click(); // Click the \"Download PDF File\" link\n// Wait for the download to complete\ncy.wait(10000); // Wait to ensure the file is downloaded\n// Verify that the .pdf file has been downloaded\nconst pdfFilePath = 'cypress/downloads/info.pdf';\ncy.readFile(pdfFilePath).should('exist'); // Ensure the .pdf file exists in the downloads folder",
              "err": {},
              "uuid": "faacd13d-1598-4491-9efc-120dd2c9a251",
              "parentUUID": "9485720a-c94d-47c5-bc8c-d99265b33e45",
              "isHook": false,
              "skipped": false
            }
          ],
          "suites": [],
          "passes": [
            "faacd13d-1598-4491-9efc-120dd2c9a251"
          ],
          "failures": [],
          "pending": [],
          "skipped": [],
          "duration": 25918,
          "root": false,
          "rootEmpty": false,
          "_timeout": 2000
        }
      ],
      "passes": [],
      "failures": [],
      "pending": [],
      "skipped": [],
      "duration": 0,
      "root": true,
      "rootEmpty": true,
      "_timeout": 2000
    }
  ],
  "meta": {
    "mocha": {
      "version": "7.0.1"
    },
    "mochawesome": {
      "options": {
        "quiet": false,
        "reportFilename": "mochawesome",
        "saveHtml": true,
        "saveJson": true,
        "consoleReporter": "spec",
        "useInlineDiffs": false,
        "code": true
      },
      "version": "7.1.3"
    },
    "marge": {
      "options": {
        "reportDir": "cypress/reports",
        "overwrite": false,
        "html": true,
        "json": true
      },
      "version": "6.2.0"
    }
  }
}