{
  "stats": {
    "suites": 1,
    "tests": 4,
    "passes": 4,
    "pending": 0,
    "failures": 0,
    "start": "2025-02-24T13:18:03.058Z",
    "end": "2025-02-24T13:18:45.248Z",
    "duration": 42190,
    "testsRegistered": 4,
    "passPercent": 100,
    "pendingPercent": 0,
    "other": 0,
    "hasOther": false,
    "skipped": 0,
    "hasSkipped": false
  },
  "results": [
    {
      "uuid": "d3764a1f-7601-477c-946b-ec41b445d1ee",
      "title": "",
      "fullFile": "cypress\\e2e\\dynamic_wetable.cy.js",
      "file": "cypress\\e2e\\dynamic_wetable.cy.js",
      "beforeHooks": [],
      "afterHooks": [],
      "tests": [],
      "suites": [
        {
          "uuid": "b603ab3d-bd99-49ff-ab3e-068e33b67cb3",
          "title": "webtable",
          "fullFile": "",
          "file": "",
          "beforeHooks": [],
          "afterHooks": [],
          "tests": [
            {
              "title": "verifying total table",
              "fullTitle": "webtable verifying total table",
              "timedOut": null,
              "duration": 9244,
              "state": "passed",
              "speed": "medium",
              "pass": true,
              "fail": false,
              "pending": false,
              "context": null,
              "code": "cy.visit(\"https://testautomationpractice.blogspot.com/\");\ncy.get(\"table#productTable\").scrollIntoView();\ncy.get(\"table#productTable tr\").should('have.length', 6); // Table rows (header + 5 data rows)\ncy.get(\"table#productTable tr th\").should('have.length', 4); // Column headers\ncy.get(\"table#productTable tr td\").should('have.length', 20); // Total data cells",
              "err": {},
              "uuid": "90e9c9dc-8374-48a5-943b-062b0384e353",
              "parentUUID": "b603ab3d-bd99-49ff-ab3e-068e33b67cb3",
              "isHook": false,
              "skipped": false
            },
            {
              "title": "specific cell value",
              "fullTitle": "webtable specific cell value",
              "timedOut": null,
              "duration": 8652,
              "state": "passed",
              "speed": "medium",
              "pass": true,
              "fail": false,
              "pending": false,
              "context": null,
              "code": "cy.visit(\"https://testautomationpractice.blogspot.com/\");\ncy.get(\"table#productTable\").scrollIntoView();\ncy.get(\"table#productTable tr:nth-child(3) td:nth-child(2)\").contains('Tablet');",
              "err": {},
              "uuid": "78c77f17-aafd-496b-b618-66d18b5cb64f",
              "parentUUID": "b603ab3d-bd99-49ff-ab3e-068e33b67cb3",
              "isHook": false,
              "skipped": false
            },
            {
              "title": "get all row values",
              "fullTitle": "webtable get all row values",
              "timedOut": null,
              "duration": 2990,
              "state": "passed",
              "speed": "fast",
              "pass": true,
              "fail": false,
              "pending": false,
              "context": null,
              "code": "cy.visit(\"https://testautomationpractice.blogspot.com/\");\ncy.get(\"table#productTable\").scrollIntoView();\ncy.get(\"table#productTable tbody tr\").each(($row, index, $rows) => {\n  cy.wrap($row).within(() => {\n    cy.get('td').each(($cell, index, $cells) => {\n      cy.log($cell.text());\n    });\n  });\n});",
              "err": {},
              "uuid": "9c19f250-b6fc-4383-b4b8-b6694835dd1d",
              "parentUUID": "b603ab3d-bd99-49ff-ab3e-068e33b67cb3",
              "isHook": false,
              "skipped": false
            },
            {
              "title": "pagination",
              "fullTitle": "webtable pagination",
              "timedOut": null,
              "duration": 16816,
              "state": "passed",
              "speed": "slow",
              "pass": true,
              "fail": false,
              "pending": false,
              "context": null,
              "code": "cy.visit(\"https://testautomationpractice.blogspot.com/\");\ncy.get(\"table#productTable\").scrollIntoView();\nlet pageNumbers = 4; // Assuming there are 4 pages in the pagination\nfor (let p = 1; p <= pageNumbers; p++) {\n  if (pageNumbers > 1) {\n    cy.log(\"active page Number::;\", p);\n    cy.get('ul#pagination li:nth-child(' + p + ') a').click(); // Click the pagination link\n    cy.wait(3000); // Wait for page data to load\n    cy.get(\"table#productTable tbody tr\").each(($row, index, $rows) => {\n      cy.wrap($row).within(() => {\n        cy.get('td').each(($cell, index, $cells) => {\n          cy.log($cell.text());\n        });\n      });\n    });\n  }\n}",
              "err": {},
              "uuid": "497c30d9-dcd4-4ccc-911e-97dcd7457c35",
              "parentUUID": "b603ab3d-bd99-49ff-ab3e-068e33b67cb3",
              "isHook": false,
              "skipped": false
            }
          ],
          "suites": [],
          "passes": [
            "90e9c9dc-8374-48a5-943b-062b0384e353",
            "78c77f17-aafd-496b-b618-66d18b5cb64f",
            "9c19f250-b6fc-4383-b4b8-b6694835dd1d",
            "497c30d9-dcd4-4ccc-911e-97dcd7457c35"
          ],
          "failures": [],
          "pending": [],
          "skipped": [],
          "duration": 37702,
          "root": false,
          "rootEmpty": false,
          "_timeout": 2000
        }
      ],
      "passes": [],
      "failures": [],
      "pending": [],
      "skipped": [],
      "duration": 0,
      "root": true,
      "rootEmpty": true,
      "_timeout": 2000
    }
  ],
  "meta": {
    "mocha": {
      "version": "7.0.1"
    },
    "mochawesome": {
      "options": {
        "quiet": false,
        "reportFilename": "mochawesome",
        "saveHtml": true,
        "saveJson": true,
        "consoleReporter": "spec",
        "useInlineDiffs": false,
        "code": true
      },
      "version": "7.1.3"
    },
    "marge": {
      "options": {
        "reportDir": "cypress/reports",
        "overwrite": false,
        "html": true,
        "json": true
      },
      "version": "6.2.0"
    }
  }
}