{
  "stats": {
    "suites": 1,
    "tests": 1,
    "passes": 1,
    "pending": 0,
    "failures": 0,
    "start": "2025-02-24T13:19:20.950Z",
    "end": "2025-02-24T13:19:26.127Z",
    "duration": 5177,
    "testsRegistered": 1,
    "passPercent": 100,
    "pendingPercent": 0,
    "other": 0,
    "hasOther": false,
    "skipped": 0,
    "hasSkipped": false
  },
  "results": [
    {
      "uuid": "e6798f76-cac6-4a3c-83c3-f18cfdb66a21",
      "title": "",
      "fullFile": "cypress\\e2e\\fileUpload.cy.js",
      "file": "cypress\\e2e\\fileUpload.cy.js",
      "beforeHooks": [],
      "afterHooks": [],
      "tests": [],
      "suites": [
        {
          "uuid": "d043c116-12cf-41bf-9e97-f7f02c024a8d",
          "title": "File Upload",
          "fullFile": "",
          "file": "",
          "beforeHooks": [],
          "afterHooks": [],
          "tests": [
            {
              "title": "Single File Upload",
              "fullTitle": "File Upload Single File Upload",
              "timedOut": null,
              "duration": 2259,
              "state": "passed",
              "speed": "fast",
              "pass": true,
              "fail": false,
              "pending": false,
              "context": null,
              "code": "cy.visit(\"http://the-internet.herokuapp.com/upload\");\ncy.get(\"#file-upload\").attachFile(\"test1.pdf\");\ncy.get(\"#file-submit\").click();\ncy.get(\"div[class='example'] h3\").should(\"have.text\", \"File Uploaded!\");",
              "err": {},
              "uuid": "a465b2d9-ba46-4e5e-abd1-05d25956c69d",
              "parentUUID": "d043c116-12cf-41bf-9e97-f7f02c024a8d",
              "isHook": false,
              "skipped": false
            }
          ],
          "suites": [],
          "passes": [
            "a465b2d9-ba46-4e5e-abd1-05d25956c69d"
          ],
          "failures": [],
          "pending": [],
          "skipped": [],
          "duration": 2259,
          "root": false,
          "rootEmpty": false,
          "_timeout": 2000
        }
      ],
      "passes": [],
      "failures": [],
      "pending": [],
      "skipped": [],
      "duration": 0,
      "root": true,
      "rootEmpty": true,
      "_timeout": 2000
    }
  ],
  "meta": {
    "mocha": {
      "version": "7.0.1"
    },
    "mochawesome": {
      "options": {
        "quiet": false,
        "reportFilename": "mochawesome",
        "saveHtml": true,
        "saveJson": true,
        "consoleReporter": "spec",
        "useInlineDiffs": false,
        "code": true
      },
      "version": "7.1.3"
    },
    "marge": {
      "options": {
        "reportDir": "cypress/reports",
        "overwrite": false,
        "html": true,
        "json": true
      },
      "version": "6.2.0"
    }
  }
}